<?xml version="1.0" encoding="utf-8"?><testsuites name="pytest tests"><testsuite name="pytest" errors="0" failures="0" skipped="0" tests="9" time="1.983" timestamp="2026-05-27T12:02:23.457505+00:00" hostname="agent-env-4100acbc-bbd1-4be7-8218-de264e61ecb2"><testcase classname="backend.tests.test_portfolio_api.TestHealth" name="test_root" time="0.117" /><testcase classname="backend.tests.test_portfolio_api.TestHealth" name="test_health" time="0.047" /><testcase classname="backend.tests.test_portfolio_api.TestProfile" name="test_profile_shape" time="0.049" /><testcase classname="backend.tests.test_portfolio_api.TestProjects" name="test_projects_list" time="0.047" /><testcase classname="backend.tests.test_portfolio_api.TestContact" name="test_contact_post_valid_persists" time="0.098" /><testcase classname="backend.tests.test_portfolio_api.TestContact" name="test_contact_invalid_email" time="0.050" /><testcase classname="backend.tests.test_portfolio_api.TestContact" name="test_contact_empty_name" time="0.052" /><testcase classname="backend.tests.test_portfolio_api.TestContact" name="test_contact_honeypot_accepted_but_not_persisted" time="0.091" /><testcase classname="backend.tests.test_portfolio_api.TestContact" name="test_contact_list_sorted_newest_first" time="1.243" /></testsuite></testsuites>