<?xml version="1.0" encoding="utf-8"?><testsuites name="pytest tests"><testsuite name="pytest" errors="0" failures="0" skipped="0" tests="13" time="2.500" timestamp="2026-05-27T12:23:37.263586+00:00" hostname="agent-env-4100acbc-bbd1-4be7-8218-de264e61ecb2"><testcase classname="backend.tests.test_portfolio_api.TestHealth" name="test_root" time="0.279" /><testcase classname="backend.tests.test_portfolio_api.TestHealth" name="test_health" time="0.055" /><testcase classname="backend.tests.test_portfolio_api.TestProfile" name="test_profile_shape" time="0.055" /><testcase classname="backend.tests.test_portfolio_api.TestProjects" name="test_projects_list" time="0.052" /><testcase classname="backend.tests.test_portfolio_api.TestContactPost" name="test_contact_post_valid_persists" time="0.145" /><testcase classname="backend.tests.test_portfolio_api.TestContactPost" name="test_contact_invalid_email" time="0.054" /><testcase classname="backend.tests.test_portfolio_api.TestContactPost" name="test_contact_empty_name" time="0.053" /><testcase classname="backend.tests.test_portfolio_api.TestContactPost" name="test_contact_honeypot_accepted_but_not_persisted" time="0.102" /><testcase classname="backend.tests.test_portfolio_api.TestContactGetAdmin" name="test_get_contact_without_token_returns_401" time="0.050" /><testcase classname="backend.tests.test_portfolio_api.TestContactGetAdmin" name="test_get_contact_with_wrong_token_returns_401" time="0.052" /><testcase classname="backend.tests.test_portfolio_api.TestContactGetAdmin" name="test_get_contact_with_correct_token_returns_200" time="0.051" /><testcase classname="backend.tests.test_portfolio_api.TestContactGetAdmin" name="test_get_contact_list_sorted_newest_first" time="1.278" /><testcase classname="backend.tests.test_portfolio_api.TestContactGetAdmin" name="test_get_contact_case_sensitive_header_name" time="0.053" /></testsuite></testsuites>